# JRE version: OpenJDK Runtime Environment (20.0.1+9) (build 20.0.1+9-29)
# Java VM: OpenJDK 64-Bit Server VM (20.0.1+9-29, mixed mode, sharing, tiered, compressed oops, compressed class ptrs, g1 gc, windows-amd64)
GC Precious Log:
 CardTable entry size: 512
 Card Set container configuration: InlinePtr #cards 5 size 8 Array Of Cards #cards 12 size 40 Howl #buckets 4 coarsen threshold 1843 Howl Bitmap #cards 512 size 80 coarsen threshold 460 Card regions per heap region 1 cards per card region 2048
 CPUs: 4 total, 4 available
 Memory: 3785M
 Large Page Support: Disabled
 NUMA Support: Disabled
 Compressed Oops: Enabled (32-bit)
 Heap Region Size: 1M
 Heap Min Capacity: 8M
 Heap Initial Capacity: 60M
 Heap Max Capacity: 948M
 Pre-touch: Disabled
 Parallel Workers: 4
 Concurrent Workers: 1
 Concurrent Refinement Workers: 4
 Periodic GC: Disabled
Heap:
 garbage-first heap   total 61440K, used 42576K [0x00000000c4c00000, 0x0000000100000000)
  region size 1024K, 34 young (34816K), 3 survivors (3072K)
 Metaspace       used 14056K, committed 14336K, reserved 1114112K
  class space    used 1544K, committed 1664K, reserved 1048576K
GC Heap History (9 events):
Event: 1.391 GC heap before
{Heap before GC invocations=0 (full 0):
 garbage-first heap   total 61440K, used 13312K [0x00000000c4c00000, 0x0000000100000000)
  region size 1024K, 13 young (13312K), 0 survivors (0K)
 Metaspace       used 3771K, committed 3968K, reserved 1114112K
  class space    used 368K, committed 448K, reserved 1048576K
}
Event: 1.398 GC heap after
{Heap after GC invocations=1 (full 0):
 garbage-first heap   total 61440K, used 3744K [0x00000000c4c00000, 0x0000000100000000)
  region size 1024K, 2 young (2048K), 2 survivors (2048K)
 Metaspace       used 3771K, committed 3968K, reserved 1114112K
  class space    used 368K, committed 448K, reserved 1048576K
}
Event: 1.835 GC heap before
{Heap before GC invocations=1 (full 0):
 garbage-first heap   total 61440K, used 17056K [0x00000000c4c00000, 0x0000000100000000)
  region size 1024K, 15 young (15360K), 2 survivors (2048K)
 Metaspace       used 5724K, committed 5952K, reserved 1114112K
  class space    used 641K, committed 768K, reserved 1048576K
}
Event: 1.840 GC heap after
{Heap after GC invocations=2 (full 0):
 garbage-first heap   total 61440K, used 4472K [0x00000000c4c00000, 0x0000000100000000)
  region size 1024K, 1 young (1024K), 1 survivors (1024K)
 Metaspace       used 5724K, committed 5952K, reserved 1114112K
  class space    used 641K, committed 768K, reserved 1048576K
}
Event: 2.451 GC heap before
{Heap before GC invocations=2 (full 0):
 garbage-first heap   total 61440K, used 31096K [0x00000000c4c00000, 0x0000000100000000)
  region size 1024K, 27 young (27648K), 1 survivors (1024K)
 Metaspace       used 10349K, committed 10624K, reserved 1114112K
  class space    used 1228K, committed 1344K, reserved 1048576K
}
Event: 2.455 GC heap after
{Heap after GC invocations=3 (full 0):
 garbage-first heap   total 61440K, used 6211K [0x00000000c4c00000, 0x0000000100000000)
  region size 1024K, 3 young (3072K), 3 survivors (3072K)
 Metaspace       used 10349K, committed 10624K, reserved 1114112K
  class space    used 1228K, committed 1344K, reserved 1048576K
}
Event: 3.312 GC heap before
{Heap before GC invocations=3 (full 0):
 garbage-first heap   total 61440K, used 38979K [0x00000000c4c00000, 0x0000000100000000)
  region size 1024K, 36 young (36864K), 3 survivors (3072K)
 Metaspace       used 13635K, committed 13952K, reserved 1114112K
  class space    used 1533K, committed 1664K, reserved 1048576K
}
Event: 3.326 GC heap after
{Heap after GC invocations=4 (full 0):
 garbage-first heap   total 61440K, used 10832K [0x00000000c4c00000, 0x0000000100000000)
  region size 1024K, 5 young (5120K), 5 survivors (5120K)
 Metaspace       used 13635K, committed 13952K, reserved 1114112K
  class space    used 1533K, committed 1664K, reserved 1048576K
}
Event: 3.982 GC heap before
{Heap before GC invocations=4 (full 0):
 garbage-first heap   total 61440K, used 42576K [0x00000000c4c00000, 0x0000000100000000)
  region size 1024K, 36 young (36864K), 5 survivors (5120K)
 Metaspace       used 14056K, committed 14336K, reserved 1114112K
  class space    used 1544K, committed 1664K, reserved 1048576K
}

